<?xml version="1.0" encoding="UTF-8"?>
<!-- Generated by org.testng.reporters.JUnitReportReporter -->
<testsuite hostname="ASDA0024" name="com.qait.automation.TaticBasicWithJavaScript.MainTest" tests="1" failures="0" timestamp="2 Jul 2018 12:07:32 GMT" time="2.826" errors="0">
  <testcase name="basicTest" time="2.826" classname="com.qait.automation.TaticBasicWithJavaScript.MainTest"/>
</testsuite> <!-- com.qait.automation.TaticBasicWithJavaScript.MainTest -->
